This file contains any messages produced by compilers while
running configure, to aid debugging if configure makes a mistake.

It was created by Named configure .1, which was
generated by GNU Autoconf 2.69.  Invocation command line was

  $ ./configure 

## --------- ##
## Platform. ##
## --------- ##

hostname = theman515-desktop
uname -m = x86_64
uname -r = 3.13.0-27-generic
uname -s = Linux
uname -v = #50-Ubuntu SMP Thu May 15 18:06:16 UTC 2014

/usr/bin/uname -p = unknown
/bin/uname -X     = unknown

/bin/arch              = unknown
/usr/bin/arch -k       = unknown
/usr/convex/getsysinfo = unknown
/usr/bin/hostinfo      = unknown
/bin/machine           = unknown
/usr/bin/oslevel       = unknown
/bin/universe          = unknown

PATH: /usr/local/sbin
PATH: /usr/local/bin
PATH: /usr/sbin
PATH: /usr/bin
PATH: /sbin
PATH: /bin
PATH: /usr/games
PATH: /usr/local/games


## ----------- ##
## Core tests. ##
## ----------- ##

configure:2379: checking for g++
configure:2395: found /usr/bin/g++
configure:2406: result: g++
configure:2433: checking for C++ compiler version
configure:2442: g++ --version >&5
g++ (Ubuntu 4.8.2-19ubuntu1) 4.8.2
Copyright (C) 2013 Free Software Foundation, Inc.
This is free software; see the source for copying conditions.  There is NO
warranty; not even for MERCHANTABILITY or FITNESS FOR A PARTICULAR PURPOSE.

configure:2453: $? = 0
configure:2442: g++ -v >&5
Using built-in specs.
COLLECT_GCC=g++
COLLECT_LTO_WRAPPER=/usr/lib/gcc/x86_64-linux-gnu/4.8/lto-wrapper
Target: x86_64-linux-gnu
Configured with: ../src/configure -v --with-pkgversion='Ubuntu 4.8.2-19ubuntu1' --with-bugurl=file:///usr/share/doc/gcc-4.8/README.Bugs --enable-languages=c,c++,java,go,d,fortran,objc,obj-c++ --prefix=/usr --program-suffix=-4.8 --enable-shared --enable-linker-build-id --libexecdir=/usr/lib --without-included-gettext --enable-threads=posix --with-gxx-include-dir=/usr/include/c++/4.8 --libdir=/usr/lib --enable-nls --with-sysroot=/ --enable-clocale=gnu --enable-libstdcxx-debug --enable-libstdcxx-time=yes --enable-gnu-unique-object --disable-libmudflap --enable-plugin --with-system-zlib --disable-browser-plugin --enable-java-awt=gtk --enable-gtk-cairo --with-java-home=/usr/lib/jvm/java-1.5.0-gcj-4.8-amd64/jre --enable-java-home --with-jvm-root-dir=/usr/lib/jvm/java-1.5.0-gcj-4.8-amd64 --with-jvm-jar-dir=/usr/lib/jvm-exports/java-1.5.0-gcj-4.8-amd64 --with-arch-directory=amd64 --with-ecj-jar=/usr/share/java/eclipse-ecj.jar --enable-objc-gc --enable-multiarch --disable-werror --with-arch-32=i686 --with-abi=m64 --with-multilib-list=m32,m64,mx32 --with-tune=generic --enable-checking=release --build=x86_64-linux-gnu --host=x86_64-linux-gnu --target=x86_64-linux-gnu
Thread model: posix
gcc version 4.8.2 (Ubuntu 4.8.2-19ubuntu1) 
configure:2453: $? = 0
configure:2442: g++ -V >&5
g++: error: unrecognized command line option '-V'
g++: fatal error: no input files
compilation terminated.
configure:2453: $? = 4
configure:2442: g++ -qversion >&5
g++: error: unrecognized command line option '-qversion'
g++: fatal error: no input files
compilation terminated.
configure:2453: $? = 4
configure:2473: checking whether the C++ compiler works
configure:2495: g++    conftest.cpp  >&5
configure:2499: $? = 0
configure:2547: result: yes
configure:2550: checking for C++ compiler default output file name
configure:2552: result: a.out
configure:2558: checking for suffix of executables
configure:2565: g++ -o conftest    conftest.cpp  >&5
configure:2569: $? = 0
configure:2591: result: 
configure:2613: checking whether we are cross compiling
configure:2621: g++ -o conftest    conftest.cpp  >&5
configure:2625: $? = 0
configure:2632: ./conftest
configure:2636: $? = 0
configure:2651: result: no
configure:2656: checking for suffix of object files
configure:2678: g++ -c   conftest.cpp >&5
configure:2682: $? = 0
configure:2703: result: o
configure:2707: checking whether we are using the GNU C++ compiler
configure:2726: g++ -c   conftest.cpp >&5
configure:2726: $? = 0
configure:2735: result: yes
configure:2744: checking whether g++ accepts -g
configure:2764: g++ -c -g  conftest.cpp >&5
configure:2764: $? = 0
configure:2805: result: yes
configure:2876: checking for gcc
configure:2892: found /usr/bin/gcc
configure:2903: result: gcc
configure:3132: checking for C compiler version
configure:3141: gcc --version >&5
gcc (Ubuntu 4.8.2-19ubuntu1) 4.8.2
Copyright (C) 2013 Free Software Foundation, Inc.
This is free software; see the source for copying conditions.  There is NO
warranty; not even for MERCHANTABILITY or FITNESS FOR A PARTICULAR PURPOSE.

configure:3152: $? = 0
configure:3141: gcc -v >&5
Using built-in specs.
COLLECT_GCC=gcc
COLLECT_LTO_WRAPPER=/usr/lib/gcc/x86_64-linux-gnu/4.8/lto-wrapper
Target: x86_64-linux-gnu
Configured with: ../src/configure -v --with-pkgversion='Ubuntu 4.8.2-19ubuntu1' --with-bugurl=file:///usr/share/doc/gcc-4.8/README.Bugs --enable-languages=c,c++,java,go,d,fortran,objc,obj-c++ --prefix=/usr --program-suffix=-4.8 --enable-shared --enable-linker-build-id --libexecdir=/usr/lib --without-included-gettext --enable-threads=posix --with-gxx-include-dir=/usr/include/c++/4.8 --libdir=/usr/lib --enable-nls --with-sysroot=/ --enable-clocale=gnu --enable-libstdcxx-debug --enable-libstdcxx-time=yes --enable-gnu-unique-object --disable-libmudflap --enable-plugin --with-system-zlib --disable-browser-plugin --enable-java-awt=gtk --enable-gtk-cairo --with-java-home=/usr/lib/jvm/java-1.5.0-gcj-4.8-amd64/jre --enable-java-home --with-jvm-root-dir=/usr/lib/jvm/java-1.5.0-gcj-4.8-amd64 --with-jvm-jar-dir=/usr/lib/jvm-exports/java-1.5.0-gcj-4.8-amd64 --with-arch-directory=amd64 --with-ecj-jar=/usr/share/java/eclipse-ecj.jar --enable-objc-gc --enable-multiarch --disable-werror --with-arch-32=i686 --with-abi=m64 --with-multilib-list=m32,m64,mx32 --with-tune=generic --enable-checking=release --build=x86_64-linux-gnu --host=x86_64-linux-gnu --target=x86_64-linux-gnu
Thread model: posix
gcc version 4.8.2 (Ubuntu 4.8.2-19ubuntu1) 
configure:3152: $? = 0
configure:3141: gcc -V >&5
gcc: error: unrecognized command line option '-V'
gcc: fatal error: no input files
compilation terminated.
configure:3152: $? = 4
configure:3141: gcc -qversion >&5
gcc: error: unrecognized command line option '-qversion'
gcc: fatal error: no input files
compilation terminated.
configure:3152: $? = 4
configure:3156: checking whether we are using the GNU C compiler
configure:3175: gcc -c   conftest.c >&5
configure:3175: $? = 0
configure:3184: result: yes
configure:3193: checking whether gcc accepts -g
configure:3213: gcc -c -g  conftest.c >&5
configure:3213: $? = 0
configure:3254: result: yes
configure:3271: checking for gcc option to accept ISO C89
configure:3334: gcc  -c -g -O2  conftest.c >&5
configure:3334: $? = 0
configure:3347: result: none needed
configure:3377: checking how to run the C preprocessor
configure:3408: gcc -E  conftest.c
configure:3408: $? = 0
configure:3422: gcc -E  conftest.c
conftest.c:9:28: fatal error: ac_nonexistent.h: No such file or directory
 #include <ac_nonexistent.h>
                            ^
compilation terminated.
configure:3422: $? = 1
configure: failed program was:
| /* confdefs.h */
| #define PACKAGE_NAME "Named"
| #define PACKAGE_TARNAME "named"
| #define PACKAGE_VERSION ".1"
| #define PACKAGE_STRING "Named .1"
| #define PACKAGE_BUGREPORT "brandon.haley94@gmail.com"
| #define PACKAGE_URL ""
| /* end confdefs.h.  */
| #include <ac_nonexistent.h>
configure:3447: result: gcc -E
configure:3467: gcc -E  conftest.c
configure:3467: $? = 0
configure:3481: gcc -E  conftest.c
conftest.c:9:28: fatal error: ac_nonexistent.h: No such file or directory
 #include <ac_nonexistent.h>
                            ^
compilation terminated.
configure:3481: $? = 1
configure: failed program was:
| /* confdefs.h */
| #define PACKAGE_NAME "Named"
| #define PACKAGE_TARNAME "named"
| #define PACKAGE_VERSION ".1"
| #define PACKAGE_STRING "Named .1"
| #define PACKAGE_BUGREPORT "brandon.haley94@gmail.com"
| #define PACKAGE_URL ""
| /* end confdefs.h.  */
| #include <ac_nonexistent.h>
configure:3510: checking for grep that handles long lines and -e
configure:3568: result: /bin/grep
configure:3573: checking for egrep
configure:3635: result: /bin/grep -E
configure:3640: checking for ANSI C header files
configure:3660: gcc -c -g -O2  conftest.c >&5
configure:3660: $? = 0
configure:3733: gcc -o conftest -g -O2   conftest.c  >&5
configure:3733: $? = 0
configure:3733: ./conftest
configure:3733: $? = 0
configure:3744: result: yes
configure:3757: checking for sys/types.h
configure:3757: gcc -c -g -O2  conftest.c >&5
configure:3757: $? = 0
configure:3757: result: yes
configure:3757: checking for sys/stat.h
configure:3757: gcc -c -g -O2  conftest.c >&5
configure:3757: $? = 0
configure:3757: result: yes
configure:3757: checking for stdlib.h
configure:3757: gcc -c -g -O2  conftest.c >&5
configure:3757: $? = 0
configure:3757: result: yes
configure:3757: checking for string.h
configure:3757: gcc -c -g -O2  conftest.c >&5
configure:3757: $? = 0
configure:3757: result: yes
configure:3757: checking for memory.h
configure:3757: gcc -c -g -O2  conftest.c >&5
configure:3757: $? = 0
configure:3757: result: yes
configure:3757: checking for strings.h
configure:3757: gcc -c -g -O2  conftest.c >&5
configure:3757: $? = 0
configure:3757: result: yes
configure:3757: checking for inttypes.h
configure:3757: gcc -c -g -O2  conftest.c >&5
configure:3757: $? = 0
configure:3757: result: yes
configure:3757: checking for stdint.h
configure:3757: gcc -c -g -O2  conftest.c >&5
configure:3757: $? = 0
configure:3757: result: yes
configure:3757: checking for unistd.h
configure:3757: gcc -c -g -O2  conftest.c >&5
configure:3757: $? = 0
configure:3757: result: yes
configure:3772: checking for stdint.h
configure:3772: result: yes
configure:3772: checking for stdlib.h
configure:3772: result: yes
configure:3772: checking for string.h
configure:3772: result: yes
configure:3784: checking for stdbool.h that conforms to C99
configure:3851: gcc -c -g -O2  conftest.c >&5
configure:3851: $? = 0
configure:3858: result: yes
configure:3860: checking for _Bool
configure:3860: gcc -c -g -O2  conftest.c >&5
configure:3860: $? = 0
configure:3860: gcc -c -g -O2  conftest.c >&5
conftest.c: In function 'main':
conftest.c:58:20: error: expected expression before ')' token
 if (sizeof ((_Bool)))
                    ^
configure:3860: $? = 1
configure: failed program was:
| /* confdefs.h */
| #define PACKAGE_NAME "Named"
| #define PACKAGE_TARNAME "named"
| #define PACKAGE_VERSION ".1"
| #define PACKAGE_STRING "Named .1"
| #define PACKAGE_BUGREPORT "brandon.haley94@gmail.com"
| #define PACKAGE_URL ""
| #define STDC_HEADERS 1
| #define HAVE_SYS_TYPES_H 1
| #define HAVE_SYS_STAT_H 1
| #define HAVE_STDLIB_H 1
| #define HAVE_STRING_H 1
| #define HAVE_MEMORY_H 1
| #define HAVE_STRINGS_H 1
| #define HAVE_INTTYPES_H 1
| #define HAVE_STDINT_H 1
| #define HAVE_UNISTD_H 1
| #define HAVE_STDINT_H 1
| #define HAVE_STDLIB_H 1
| #define HAVE_STRING_H 1
| /* end confdefs.h.  */
| #include <stdio.h>
| #ifdef HAVE_SYS_TYPES_H
| # include <sys/types.h>
| #endif
| #ifdef HAVE_SYS_STAT_H
| # include <sys/stat.h>
| #endif
| #ifdef STDC_HEADERS
| # include <stdlib.h>
| # include <stddef.h>
| #else
| # ifdef HAVE_STDLIB_H
| #  include <stdlib.h>
| # endif
| #endif
| #ifdef HAVE_STRING_H
| # if !defined STDC_HEADERS && defined HAVE_MEMORY_H
| #  include <memory.h>
| # endif
| # include <string.h>
| #endif
| #ifdef HAVE_STRINGS_H
| # include <strings.h>
| #endif
| #ifdef HAVE_INTTYPES_H
| # include <inttypes.h>
| #endif
| #ifdef HAVE_STDINT_H
| # include <stdint.h>
| #endif
| #ifdef HAVE_UNISTD_H
| # include <unistd.h>
| #endif
| int
| main ()
| {
| if (sizeof ((_Bool)))
| 	    return 0;
|   ;
|   return 0;
| }
configure:3860: result: yes
configure:3871: checking for int16_t
configure:3871: gcc -c -g -O2  conftest.c >&5
configure:3871: $? = 0
configure:3871: gcc -c -g -O2  conftest.c >&5
conftest.c: In function 'main':
conftest.c:60:12: error: size of array 'test_array' is negative
 static int test_array [1 - 2 * !((int16_t) (((((int16_t) 1 << N) << N) - 1) * 2 + 1)
            ^
configure:3871: $? = 1
configure: failed program was:
| /* confdefs.h */
| #define PACKAGE_NAME "Named"
| #define PACKAGE_TARNAME "named"
| #define PACKAGE_VERSION ".1"
| #define PACKAGE_STRING "Named .1"
| #define PACKAGE_BUGREPORT "brandon.haley94@gmail.com"
| #define PACKAGE_URL ""
| #define STDC_HEADERS 1
| #define HAVE_SYS_TYPES_H 1
| #define HAVE_SYS_STAT_H 1
| #define HAVE_STDLIB_H 1
| #define HAVE_STRING_H 1
| #define HAVE_MEMORY_H 1
| #define HAVE_STRINGS_H 1
| #define HAVE_INTTYPES_H 1
| #define HAVE_STDINT_H 1
| #define HAVE_UNISTD_H 1
| #define HAVE_STDINT_H 1
| #define HAVE_STDLIB_H 1
| #define HAVE_STRING_H 1
| #define HAVE__BOOL 1
| /* end confdefs.h.  */
| #include <stdio.h>
| #ifdef HAVE_SYS_TYPES_H
| # include <sys/types.h>
| #endif
| #ifdef HAVE_SYS_STAT_H
| # include <sys/stat.h>
| #endif
| #ifdef STDC_HEADERS
| # include <stdlib.h>
| # include <stddef.h>
| #else
| # ifdef HAVE_STDLIB_H
| #  include <stdlib.h>
| # endif
| #endif
| #ifdef HAVE_STRING_H
| # if !defined STDC_HEADERS && defined HAVE_MEMORY_H
| #  include <memory.h>
| # endif
| # include <string.h>
| #endif
| #ifdef HAVE_STRINGS_H
| # include <strings.h>
| #endif
| #ifdef HAVE_INTTYPES_H
| # include <inttypes.h>
| #endif
| #ifdef HAVE_STDINT_H
| # include <stdint.h>
| #endif
| #ifdef HAVE_UNISTD_H
| # include <unistd.h>
| #endif
| 	        enum { N = 16 / 2 - 1 };
| int
| main ()
| {
| static int test_array [1 - 2 * !((int16_t) (((((int16_t) 1 << N) << N) - 1) * 2 + 1)
| 		 < (int16_t) (((((int16_t) 1 << N) << N) - 1) * 2 + 2))];
| test_array [0] = 0;
| return test_array [0];
| 
|   ;
|   return 0;
| }
configure:3871: result: yes
configure:3882: checking for size_t
configure:3882: gcc -c -g -O2  conftest.c >&5
configure:3882: $? = 0
configure:3882: gcc -c -g -O2  conftest.c >&5
conftest.c: In function 'main':
conftest.c:59:21: error: expected expression before ')' token
 if (sizeof ((size_t)))
                     ^
configure:3882: $? = 1
configure: failed program was:
| /* confdefs.h */
| #define PACKAGE_NAME "Named"
| #define PACKAGE_TARNAME "named"
| #define PACKAGE_VERSION ".1"
| #define PACKAGE_STRING "Named .1"
| #define PACKAGE_BUGREPORT "brandon.haley94@gmail.com"
| #define PACKAGE_URL ""
| #define STDC_HEADERS 1
| #define HAVE_SYS_TYPES_H 1
| #define HAVE_SYS_STAT_H 1
| #define HAVE_STDLIB_H 1
| #define HAVE_STRING_H 1
| #define HAVE_MEMORY_H 1
| #define HAVE_STRINGS_H 1
| #define HAVE_INTTYPES_H 1
| #define HAVE_STDINT_H 1
| #define HAVE_UNISTD_H 1
| #define HAVE_STDINT_H 1
| #define HAVE_STDLIB_H 1
| #define HAVE_STRING_H 1
| #define HAVE__BOOL 1
| /* end confdefs.h.  */
| #include <stdio.h>
| #ifdef HAVE_SYS_TYPES_H
| # include <sys/types.h>
| #endif
| #ifdef HAVE_SYS_STAT_H
| # include <sys/stat.h>
| #endif
| #ifdef STDC_HEADERS
| # include <stdlib.h>
| # include <stddef.h>
| #else
| # ifdef HAVE_STDLIB_H
| #  include <stdlib.h>
| # endif
| #endif
| #ifdef HAVE_STRING_H
| # if !defined STDC_HEADERS && defined HAVE_MEMORY_H
| #  include <memory.h>
| # endif
| # include <string.h>
| #endif
| #ifdef HAVE_STRINGS_H
| # include <strings.h>
| #endif
| #ifdef HAVE_INTTYPES_H
| # include <inttypes.h>
| #endif
| #ifdef HAVE_STDINT_H
| # include <stdint.h>
| #endif
| #ifdef HAVE_UNISTD_H
| # include <unistd.h>
| #endif
| int
| main ()
| {
| if (sizeof ((size_t)))
| 	    return 0;
|   ;
|   return 0;
| }
configure:3882: result: yes
configure:3893: checking for uint16_t
configure:3893: gcc -c -g -O2  conftest.c >&5
configure:3893: $? = 0
configure:3893: result: yes
configure:3905: checking for uint32_t
configure:3905: gcc -c -g -O2  conftest.c >&5
configure:3905: $? = 0
configure:3905: result: yes
configure:3919: checking for uint64_t
configure:3919: gcc -c -g -O2  conftest.c >&5
configure:3919: $? = 0
configure:3919: result: yes
configure:3933: checking for uint8_t
configure:3933: gcc -c -g -O2  conftest.c >&5
configure:3933: $? = 0
configure:3933: result: yes
configure:3949: checking for error_at_line
configure:3965: gcc -o conftest -g -O2   conftest.c  >&5
configure:3965: $? = 0
configure:3973: result: yes
configure:3986: checking for stdlib.h
configure:3986: result: yes
configure:3996: checking for GNU libc compatible malloc
configure:4020: gcc -o conftest -g -O2   conftest.c  >&5
configure:4020: $? = 0
configure:4020: ./conftest
configure:4020: $? = 0
configure:4030: result: yes
configure:4054: checking for pow
configure:4054: gcc -o conftest -g -O2   conftest.c  >&5
conftest.c:48:6: warning: conflicting types for built-in function 'pow' [enabled by default]
 char pow ();
      ^
/tmp/ccsAJCGD.o: In function `main':
/home/theman515/projects/UnamedProject/conftest.c:59: undefined reference to `pow'
collect2: error: ld returned 1 exit status
configure:4054: $? = 1
configure: failed program was:
| /* confdefs.h */
| #define PACKAGE_NAME "Named"
| #define PACKAGE_TARNAME "named"
| #define PACKAGE_VERSION ".1"
| #define PACKAGE_STRING "Named .1"
| #define PACKAGE_BUGREPORT "brandon.haley94@gmail.com"
| #define PACKAGE_URL ""
| #define STDC_HEADERS 1
| #define HAVE_SYS_TYPES_H 1
| #define HAVE_SYS_STAT_H 1
| #define HAVE_STDLIB_H 1
| #define HAVE_STRING_H 1
| #define HAVE_MEMORY_H 1
| #define HAVE_STRINGS_H 1
| #define HAVE_INTTYPES_H 1
| #define HAVE_STDINT_H 1
| #define HAVE_UNISTD_H 1
| #define HAVE_STDINT_H 1
| #define HAVE_STDLIB_H 1
| #define HAVE_STRING_H 1
| #define HAVE__BOOL 1
| #define HAVE_STDLIB_H 1
| #define HAVE_MALLOC 1
| /* end confdefs.h.  */
| /* Define pow to an innocuous variant, in case <limits.h> declares pow.
|    For example, HP-UX 11i <limits.h> declares gettimeofday.  */
| #define pow innocuous_pow
| 
| /* System header to define __stub macros and hopefully few prototypes,
|     which can conflict with char pow (); below.
|     Prefer <limits.h> to <assert.h> if __STDC__ is defined, since
|     <limits.h> exists even on freestanding compilers.  */
| 
| #ifdef __STDC__
| # include <limits.h>
| #else
| # include <assert.h>
| #endif
| 
| #undef pow
| 
| /* Override any GCC internal prototype to avoid an error.
|    Use char because int might match the return type of a GCC
|    builtin and then its argument prototype would still apply.  */
| #ifdef __cplusplus
| extern "C"
| #endif
| char pow ();
| /* The GNU C library defines this for functions which it implements
|     to always fail with ENOSYS.  Some functions are actually named
|     something starting with __ and the normal name is an alias.  */
| #if defined __stub_pow || defined __stub___pow
| choke me
| #endif
| 
| int
| main ()
| {
| return pow ();
|   ;
|   return 0;
| }
configure:4054: result: no
configure:4054: checking for strcasecmp
configure:4054: gcc -o conftest -g -O2   conftest.c  >&5
conftest.c:48:6: warning: conflicting types for built-in function 'strcasecmp' [enabled by default]
 char strcasecmp ();
      ^
configure:4054: $? = 0
configure:4054: result: yes
configure:4178: creating ./config.status

## ---------------------- ##
## Running config.status. ##
## ---------------------- ##

This file was extended by Named config.status .1, which was
generated by GNU Autoconf 2.69.  Invocation command line was

  CONFIG_FILES    = 
  CONFIG_HEADERS  = 
  CONFIG_LINKS    = 
  CONFIG_COMMANDS = 
  $ ./config.status 

on theman515-desktop

config.status:681: creating config.h
config.status:771: config.h is unchanged

## ---------------- ##
## Cache variables. ##
## ---------------- ##

ac_cv_c_compiler_gnu=yes
ac_cv_c_int16_t=yes
ac_cv_c_uint16_t=yes
ac_cv_c_uint32_t=yes
ac_cv_c_uint64_t=yes
ac_cv_c_uint8_t=yes
ac_cv_cxx_compiler_gnu=yes
ac_cv_env_CCC_set=
ac_cv_env_CCC_value=
ac_cv_env_CC_set=
ac_cv_env_CC_value=
ac_cv_env_CFLAGS_set=
ac_cv_env_CFLAGS_value=
ac_cv_env_CPPFLAGS_set=
ac_cv_env_CPPFLAGS_value=
ac_cv_env_CPP_set=
ac_cv_env_CPP_value=
ac_cv_env_CXXFLAGS_set=
ac_cv_env_CXXFLAGS_value=
ac_cv_env_CXX_set=
ac_cv_env_CXX_value=
ac_cv_env_LDFLAGS_set=
ac_cv_env_LDFLAGS_value=
ac_cv_env_LIBS_set=
ac_cv_env_LIBS_value=
ac_cv_env_build_alias_set=
ac_cv_env_build_alias_value=
ac_cv_env_host_alias_set=
ac_cv_env_host_alias_value=
ac_cv_env_target_alias_set=
ac_cv_env_target_alias_value=
ac_cv_func_malloc_0_nonnull=yes
ac_cv_func_pow=no
ac_cv_func_strcasecmp=yes
ac_cv_header_inttypes_h=yes
ac_cv_header_memory_h=yes
ac_cv_header_stdbool_h=yes
ac_cv_header_stdc=yes
ac_cv_header_stdint_h=yes
ac_cv_header_stdlib_h=yes
ac_cv_header_string_h=yes
ac_cv_header_strings_h=yes
ac_cv_header_sys_stat_h=yes
ac_cv_header_sys_types_h=yes
ac_cv_header_unistd_h=yes
ac_cv_lib_error_at_line=yes
ac_cv_objext=o
ac_cv_path_EGREP='/bin/grep -E'
ac_cv_path_GREP=/bin/grep
ac_cv_prog_CPP='gcc -E'
ac_cv_prog_ac_ct_CC=gcc
ac_cv_prog_ac_ct_CXX=g++
ac_cv_prog_cc_c89=
ac_cv_prog_cc_g=yes
ac_cv_prog_cxx_g=yes
ac_cv_type__Bool=yes
ac_cv_type_size_t=yes

## ----------------- ##
## Output variables. ##
## ----------------- ##

CC='gcc'
CFLAGS='-g -O2'
CPP='gcc -E'
CPPFLAGS=''
CXX='g++'
CXXFLAGS='-g -O2'
DEFS='-DHAVE_CONFIG_H'
ECHO_C=''
ECHO_N='-n'
ECHO_T=''
EGREP='/bin/grep -E'
EXEEXT=''
GREP='/bin/grep'
LDFLAGS=''
LIBOBJS=''
LIBS=''
LTLIBOBJS=''
OBJEXT='o'
PACKAGE_BUGREPORT='brandon.haley94@gmail.com'
PACKAGE_NAME='Named'
PACKAGE_STRING='Named .1'
PACKAGE_TARNAME='named'
PACKAGE_URL=''
PACKAGE_VERSION='.1'
PATH_SEPARATOR=':'
SHELL='/bin/bash'
ac_ct_CC='gcc'
ac_ct_CXX='g++'
bindir='${exec_prefix}/bin'
build_alias=''
datadir='${datarootdir}'
datarootdir='${prefix}/share'
docdir='${datarootdir}/doc/${PACKAGE_TARNAME}'
dvidir='${docdir}'
exec_prefix='${prefix}'
host_alias=''
htmldir='${docdir}'
includedir='${prefix}/include'
infodir='${datarootdir}/info'
libdir='${exec_prefix}/lib'
libexecdir='${exec_prefix}/libexec'
localedir='${datarootdir}/locale'
localstatedir='${prefix}/var'
mandir='${datarootdir}/man'
oldincludedir='/usr/include'
pdfdir='${docdir}'
prefix='/usr/local'
program_transform_name='s,x,x,'
psdir='${docdir}'
sbindir='${exec_prefix}/sbin'
sharedstatedir='${prefix}/com'
sysconfdir='${prefix}/etc'
target_alias=''

## ----------- ##
## confdefs.h. ##
## ----------- ##

/* confdefs.h */
#define PACKAGE_NAME "Named"
#define PACKAGE_TARNAME "named"
#define PACKAGE_VERSION ".1"
#define PACKAGE_STRING "Named .1"
#define PACKAGE_BUGREPORT "brandon.haley94@gmail.com"
#define PACKAGE_URL ""
#define STDC_HEADERS 1
#define HAVE_SYS_TYPES_H 1
#define HAVE_SYS_STAT_H 1
#define HAVE_STDLIB_H 1
#define HAVE_STRING_H 1
#define HAVE_MEMORY_H 1
#define HAVE_STRINGS_H 1
#define HAVE_INTTYPES_H 1
#define HAVE_STDINT_H 1
#define HAVE_UNISTD_H 1
#define HAVE_STDINT_H 1
#define HAVE_STDLIB_H 1
#define HAVE_STRING_H 1
#define HAVE__BOOL 1
#define HAVE_STDLIB_H 1
#define HAVE_MALLOC 1
#define HAVE_STRCASECMP 1

configure: exit 0
